# JRE version: Java(TM) SE Runtime Environment (8.0_191-b12) (build 1.8.0_191-b12)
# Java VM: Java HotSpot(TM) 64-Bit Server VM (25.191-b12 mixed mode windows-amd64 compressed oops)
Heap:
 PSYoungGen      total 197632K, used 93577K [0x00000000d5580000, 0x00000000e4b00000, 0x0000000100000000)
  eden space 174080K, 40% used [0x00000000d5580000,0x00000000d99e7840,0x00000000dff80000)
  from space 23552K, 99% used [0x00000000dff80000,0x00000000e167acd0,0x00000000e1680000)
  to   space 26624K, 0% used [0x00000000e3100000,0x00000000e3100000,0x00000000e4b00000)
 ParOldGen       total 271360K, used 45655K [0x0000000080000000, 0x0000000090900000, 0x00000000d5580000)
  object space 271360K, 16% used [0x0000000080000000,0x0000000082c95c30,0x0000000090900000)
 Metaspace       used 83525K, capacity 88575K, committed 88832K, reserved 1126400K
  class space    used 11537K, capacity 12443K, committed 12544K, reserved 1048576K
GC Heap History (10 events):
Event: 7.486 GC heap before
{Heap before GC invocations=12 (full 3):
 PSYoungGen      total 146944K, used 16877K [0x00000000d5580000, 0x00000000e1780000, 0x0000000100000000)
  eden space 130048K, 0% used [0x00000000d5580000,0x00000000d5580000,0x00000000dd480000)
  from space 16896K, 99% used [0x00000000dd480000,0x00000000de4fb5d8,0x00000000de500000)
  to   space 19968K, 0% used [0x00000000e0400000,0x00000000e0400000,0x00000000e1780000)
 ParOldGen       total 182272K, used 23546K [0x0000000080000000, 0x000000008b200000, 0x00000000d5580000)
  object space 182272K, 12% used [0x0000000080000000,0x00000000816fe9f0,0x000000008b200000)
 Metaspace       used 57093K, capacity 59129K, committed 59136K, reserved 1099776K
  class space    used 8015K, capacity 8446K, committed 8448K, reserved 1048576K
Event: 7.704 GC heap after
Heap after GC invocations=12 (full 3):
 PSYoungGen      total 146944K, used 0K [0x00000000d5580000, 0x00000000e1780000, 0x0000000100000000)
  eden space 130048K, 0% used [0x00000000d5580000,0x00000000d5580000,0x00000000dd480000)
  from space 16896K, 0% used [0x00000000dd480000,0x00000000dd480000,0x00000000de500000)
  to   space 19968K, 0% used [0x00000000e0400000,0x00000000e0400000,0x00000000e1780000)
 ParOldGen       total 271360K, used 31274K [0x0000000080000000, 0x0000000090900000, 0x00000000d5580000)
  object space 271360K, 11% used [0x0000000080000000,0x0000000081e8a800,0x0000000090900000)
 Metaspace       used 57065K, capacity 59033K, committed 59136K, reserved 1099776K
  class space    used 8006K, capacity 8430K, committed 8448K, reserved 1048576K
}
Event: 9.409 GC heap before
{Heap before GC invocations=13 (full 3):
 PSYoungGen      total 146944K, used 130048K [0x00000000d5580000, 0x00000000e1780000, 0x0000000100000000)
  eden space 130048K, 100% used [0x00000000d5580000,0x00000000dd480000,0x00000000dd480000)
  from space 16896K, 0% used [0x00000000dd480000,0x00000000dd480000,0x00000000de500000)
  to   space 19968K, 0% used [0x00000000e0400000,0x00000000e0400000,0x00000000e1780000)
 ParOldGen       total 271360K, used 31274K [0x0000000080000000, 0x0000000090900000, 0x00000000d5580000)
  object space 271360K, 11% used [0x0000000080000000,0x0000000081e8a800,0x0000000090900000)
 Metaspace       used 61822K, capacity 64927K, committed 65280K, reserved 1105920K
  class space    used 8756K, capacity 9363K, committed 9472K, reserved 1048576K
Event: 9.431 GC heap after
Heap after GC invocations=13 (full 3):
 PSYoungGen      total 164352K, used 12101K [0x00000000d5580000, 0x00000000e1000000, 0x0000000100000000)
  eden space 152064K, 0% used [0x00000000d5580000,0x00000000d5580000,0x00000000dea00000)
  from space 12288K, 98% used [0x00000000e0400000,0x00000000e0fd1790,0x00000000e1000000)
  to   space 18944K, 0% used [0x00000000deb00000,0x00000000deb00000,0x00000000dfd80000)
 ParOldGen       total 271360K, used 31282K [0x0000000080000000, 0x0000000090900000, 0x00000000d5580000)
  object space 271360K, 11% used [0x0000000080000000,0x0000000081e8c800,0x0000000090900000)
 Metaspace       used 61822K, capacity 64927K, committed 65280K, reserved 1105920K
  class space    used 8756K, capacity 9363K, committed 9472K, reserved 1048576K
}
Event: 11.381 GC heap before
{Heap before GC invocations=14 (full 3):
 PSYoungGen      total 164352K, used 164165K [0x00000000d5580000, 0x00000000e1000000, 0x0000000100000000)
  eden space 152064K, 100% used [0x00000000d5580000,0x00000000dea00000,0x00000000dea00000)
  from space 12288K, 98% used [0x00000000e0400000,0x00000000e0fd1790,0x00000000e1000000)
  to   space 18944K, 0% used [0x00000000deb00000,0x00000000deb00000,0x00000000dfd80000)
 ParOldGen       total 271360K, used 31282K [0x0000000080000000, 0x0000000090900000, 0x00000000d5580000)
  object space 271360K, 11% used [0x0000000080000000,0x0000000081e8c800,0x0000000090900000)
 Metaspace       used 70220K, capacity 73929K, committed 74112K, reserved 1112064K
  class space    used 9893K, capacity 10582K, committed 10624K, reserved 1048576K
Event: 11.410 GC heap after
Heap after GC invocations=14 (full 3):
 PSYoungGen      total 172032K, used 18928K [0x00000000d5580000, 0x00000000e3000000, 0x0000000100000000)
  eden space 153088K, 0% used [0x00000000d5580000,0x00000000d5580000,0x00000000deb00000)
  from space 18944K, 99% used [0x00000000deb00000,0x00000000dfd7c3c8,0x00000000dfd80000)
  to   space 23040K, 0% used [0x00000000e1980000,0x00000000e1980000,0x00000000e3000000)
 ParOldGen       total 271360K, used 36805K [0x0000000080000000, 0x0000000090900000, 0x00000000d5580000)
  object space 271360K, 13% used [0x0000000080000000,0x00000000823f1438,0x0000000090900000)
 Metaspace       used 70220K, capacity 73929K, committed 74112K, reserved 1112064K
  class space    used 9893K, capacity 10582K, committed 10624K, reserved 1048576K
}
Event: 22.770 GC heap before
{Heap before GC invocations=15 (full 3):
 PSYoungGen      total 172032K, used 172016K [0x00000000d5580000, 0x00000000e3000000, 0x0000000100000000)
  eden space 153088K, 100% used [0x00000000d5580000,0x00000000deb00000,0x00000000deb00000)
  from space 18944K, 99% used [0x00000000deb00000,0x00000000dfd7c3c8,0x00000000dfd80000)
  to   space 23040K, 0% used [0x00000000e1980000,0x00000000e1980000,0x00000000e3000000)
 ParOldGen       total 271360K, used 36805K [0x0000000080000000, 0x0000000090900000, 0x00000000d5580000)
  object space 271360K, 13% used [0x0000000080000000,0x00000000823f1438,0x0000000090900000)
 Metaspace       used 81393K, capacity 86209K, committed 86400K, reserved 1124352K
  class space    used 11424K, capacity 12318K, committed 12416K, reserved 1048576K
Event: 22.788 GC heap after
Heap after GC invocations=15 (full 3):
 PSYoungGen      total 194560K, used 16709K [0x00000000d5580000, 0x00000000e2d80000, 0x0000000100000000)
  eden space 174080K, 0% used [0x00000000d5580000,0x00000000d5580000,0x00000000dff80000)
  from space 20480K, 81% used [0x00000000e1980000,0x00000000e29d1420,0x00000000e2d80000)
  to   space 23552K, 0% used [0x00000000dff80000,0x00000000dff80000,0x00000000e1680000)
 ParOldGen       total 271360K, used 45503K [0x0000000080000000, 0x0000000090900000, 0x00000000d5580000)
  object space 271360K, 16% used [0x0000000080000000,0x0000000082c6fdd8,0x0000000090900000)
 Metaspace       used 81393K, capacity 86209K, committed 86400K, reserved 1124352K
  class space    used 11424K, capacity 12318K, committed 12416K, reserved 1048576K
}
Event: 24.430 GC heap before
{Heap before GC invocations=16 (full 3):
 PSYoungGen      total 194560K, used 190789K [0x00000000d5580000, 0x00000000e2d80000, 0x0000000100000000)
  eden space 174080K, 100% used [0x00000000d5580000,0x00000000dff80000,0x00000000dff80000)
  from space 20480K, 81% used [0x00000000e1980000,0x00000000e29d1420,0x00000000e2d80000)
  to   space 23552K, 0% used [0x00000000dff80000,0x00000000dff80000,0x00000000e1680000)
 ParOldGen       total 271360K, used 45503K [0x0000000080000000, 0x0000000090900000, 0x00000000d5580000)
  object space 271360K, 16% used [0x0000000080000000,0x0000000082c6fdd8,0x0000000090900000)
 Metaspace       used 82497K, capacity 87413K, committed 87680K, reserved 1124352K
  class space    used 11470K, capacity 12352K, committed 12416K, reserved 1048576K
Event: 24.450 GC heap after
Heap after GC invocations=16 (full 3):
 PSYoungGen      total 197632K, used 23531K [0x00000000d5580000, 0x00000000e4b00000, 0x0000000100000000)
  eden space 174080K, 0% used [0x00000000d5580000,0x00000000d5580000,0x00000000dff80000)
  from space 23552K, 99% used [0x00000000dff80000,0x00000000e167acd0,0x00000000e1680000)
  to   space 26624K, 0% used [0x00000000e3100000,0x00000000e3100000,0x00000000e4b00000)
 ParOldGen       total 271360K, used 45655K [0x0000000080000000, 0x0000000090900000, 0x00000000d5580000)
  object space 271360K, 16% used [0x0000000080000000,0x0000000082c95c30,0x0000000090900000)
 Metaspace       used 82497K, capacity 87413K, committed 87680K, reserved 1124352K
  class space    used 11470K, capacity 12352K, committed 12416K, reserved 1048576K
}

