# JRE version: Java(TM) SE Runtime Environment (8.0_191-b12) (build 1.8.0_191-b12)
# Java VM: Java HotSpot(TM) 64-Bit Server VM (25.191-b12 mixed mode windows-amd64 compressed oops)
Heap:
 PSYoungGen      total 267264K, used 176513K [0x00000000d5580000, 0x00000000e7c80000, 0x0000000100000000)
  eden space 235520K, 73% used [0x00000000d5580000,0x00000000dfd79748,0x00000000e3b80000)
  from space 31744K, 14% used [0x00000000e5d80000,0x00000000e61e6cd0,0x00000000e7c80000)
  to   space 33280K, 0% used [0x00000000e3b80000,0x00000000e3b80000,0x00000000e5c00000)
 ParOldGen       total 178688K, used 74825K [0x0000000080000000, 0x000000008ae80000, 0x00000000d5580000)
  object space 178688K, 41% used [0x0000000080000000,0x0000000084912490,0x000000008ae80000)
 Metaspace       used 92185K, capacity 96904K, committed 98816K, reserved 1134592K
  class space    used 12302K, capacity 13147K, committed 13568K, reserved 1048576K
GC Heap History (10 events):
Event: 6843.923 GC heap before
{Heap before GC invocations=36 (full 4):
 PSYoungGen      total 232448K, used 202731K [0x00000000d5580000, 0x00000000e5a80000, 0x0000000100000000)
  eden space 197632K, 100% used [0x00000000d5580000,0x00000000e1680000,0x00000000e1680000)
  from space 34816K, 14% used [0x00000000e1680000,0x00000000e1b7af88,0x00000000e3880000)
  to   space 34304K, 0% used [0x00000000e3900000,0x00000000e3900000,0x00000000e5a80000)
 ParOldGen       total 178688K, used 65314K [0x0000000080000000, 0x000000008ae80000, 0x00000000d5580000)
  object space 178688K, 36% used [0x0000000080000000,0x0000000083fc8a70,0x000000008ae80000)
 Metaspace       used 92080K, capacity 96752K, committed 98560K, reserved 1134592K
  class space    used 12301K, capacity 13145K, committed 13568K, reserved 1048576K
Event: 6843.934 GC heap after
Heap after GC invocations=36 (full 4):
 PSYoungGen      total 231936K, used 5514K [0x00000000d5580000, 0x00000000e5a80000, 0x0000000100000000)
  eden space 197632K, 0% used [0x00000000d5580000,0x00000000d5580000,0x00000000e1680000)
  from space 34304K, 16% used [0x00000000e3900000,0x00000000e3e62a58,0x00000000e5a80000)
  to   space 34816K, 0% used [0x00000000e1680000,0x00000000e1680000,0x00000000e3880000)
 ParOldGen       total 178688K, used 67370K [0x0000000080000000, 0x000000008ae80000, 0x00000000d5580000)
  object space 178688K, 37% used [0x0000000080000000,0x00000000841caa70,0x000000008ae80000)
 Metaspace       used 92080K, capacity 96752K, committed 98560K, reserved 1134592K
  class space    used 12301K, capacity 13145K, committed 13568K, reserved 1048576K
}
Event: 6844.168 GC heap before
{Heap before GC invocations=37 (full 4):
 PSYoungGen      total 231936K, used 203146K [0x00000000d5580000, 0x00000000e5a80000, 0x0000000100000000)
  eden space 197632K, 100% used [0x00000000d5580000,0x00000000e1680000,0x00000000e1680000)
  from space 34304K, 16% used [0x00000000e3900000,0x00000000e3e62a58,0x00000000e5a80000)
  to   space 34816K, 0% used [0x00000000e1680000,0x00000000e1680000,0x00000000e3880000)
 ParOldGen       total 178688K, used 67370K [0x0000000080000000, 0x000000008ae80000, 0x00000000d5580000)
  object space 178688K, 37% used [0x0000000080000000,0x00000000841caa70,0x000000008ae80000)
 Metaspace       used 92104K, capacity 96816K, committed 98560K, reserved 1134592K
  class space    used 12301K, capacity 13145K, committed 13568K, reserved 1048576K
Event: 6844.176 GC heap after
Heap after GC invocations=37 (full 4):
 PSYoungGen      total 232448K, used 2016K [0x00000000d5580000, 0x00000000e7f00000, 0x0000000100000000)
  eden space 197632K, 0% used [0x00000000d5580000,0x00000000d5580000,0x00000000e1680000)
  from space 34816K, 5% used [0x00000000e1680000,0x00000000e1878000,0x00000000e3880000)
  to   space 34304K, 0% used [0x00000000e5d80000,0x00000000e5d80000,0x00000000e7f00000)
 ParOldGen       total 178688K, used 69161K [0x0000000080000000, 0x000000008ae80000, 0x00000000d5580000)
  object space 178688K, 38% used [0x0000000080000000,0x000000008438a480,0x000000008ae80000)
 Metaspace       used 92104K, capacity 96816K, committed 98560K, reserved 1134592K
  class space    used 12301K, capacity 13145K, committed 13568K, reserved 1048576K
}
Event: 6844.408 GC heap before
{Heap before GC invocations=38 (full 4):
 PSYoungGen      total 232448K, used 199648K [0x00000000d5580000, 0x00000000e7f00000, 0x0000000100000000)
  eden space 197632K, 100% used [0x00000000d5580000,0x00000000e1680000,0x00000000e1680000)
  from space 34816K, 5% used [0x00000000e1680000,0x00000000e1878000,0x00000000e3880000)
  to   space 34304K, 0% used [0x00000000e5d80000,0x00000000e5d80000,0x00000000e7f00000)
 ParOldGen       total 178688K, used 69161K [0x0000000080000000, 0x000000008ae80000, 0x00000000d5580000)
  object space 178688K, 38% used [0x0000000080000000,0x000000008438a480,0x000000008ae80000)
 Metaspace       used 92125K, capacity 96824K, committed 98560K, reserved 1134592K
  class space    used 12301K, capacity 13145K, committed 13568K, reserved 1048576K
Event: 6844.416 GC heap after
Heap after GC invocations=38 (full 4):
 PSYoungGen      total 267264K, used 1760K [0x00000000d5580000, 0x00000000e7c80000, 0x0000000100000000)
  eden space 235520K, 0% used [0x00000000d5580000,0x00000000d5580000,0x00000000e3b80000)
  from space 31744K, 5% used [0x00000000e5d80000,0x00000000e5f38000,0x00000000e7c80000)
  to   space 33280K, 0% used [0x00000000e3b80000,0x00000000e3b80000,0x00000000e5c00000)
 ParOldGen       total 178688K, used 70905K [0x0000000080000000, 0x000000008ae80000, 0x00000000d5580000)
  object space 178688K, 39% used [0x0000000080000000,0x000000008453e480,0x000000008ae80000)
 Metaspace       used 92125K, capacity 96824K, committed 98560K, reserved 1134592K
  class space    used 12301K, capacity 13145K, committed 13568K, reserved 1048576K
}
Event: 6844.669 GC heap before
{Heap before GC invocations=39 (full 4):
 PSYoungGen      total 267264K, used 237280K [0x00000000d5580000, 0x00000000e7c80000, 0x0000000100000000)
  eden space 235520K, 100% used [0x00000000d5580000,0x00000000e3b80000,0x00000000e3b80000)
  from space 31744K, 5% used [0x00000000e5d80000,0x00000000e5f38000,0x00000000e7c80000)
  to   space 33280K, 0% used [0x00000000e3b80000,0x00000000e3b80000,0x00000000e5c00000)
 ParOldGen       total 178688K, used 70905K [0x0000000080000000, 0x000000008ae80000, 0x00000000d5580000)
  object space 178688K, 39% used [0x0000000080000000,0x000000008453e480,0x000000008ae80000)
 Metaspace       used 92135K, capacity 96836K, committed 98560K, reserved 1134592K
  class space    used 12302K, capacity 13147K, committed 13568K, reserved 1048576K
Event: 6844.679 GC heap after
Heap after GC invocations=39 (full 4):
 PSYoungGen      total 268800K, used 2528K [0x00000000d5580000, 0x00000000e7c80000, 0x0000000100000000)
  eden space 235520K, 0% used [0x00000000d5580000,0x00000000d5580000,0x00000000e3b80000)
  from space 33280K, 7% used [0x00000000e3b80000,0x00000000e3df8000,0x00000000e5c00000)
  to   space 31744K, 0% used [0x00000000e5d80000,0x00000000e5d80000,0x00000000e7c80000)
 ParOldGen       total 178688K, used 72545K [0x0000000080000000, 0x000000008ae80000, 0x00000000d5580000)
  object space 178688K, 40% used [0x0000000080000000,0x00000000846d8480,0x000000008ae80000)
 Metaspace       used 92135K, capacity 96836K, committed 98560K, reserved 1134592K
  class space    used 12302K, capacity 13147K, committed 13568K, reserved 1048576K
}
Event: 6844.969 GC heap before
{Heap before GC invocations=40 (full 4):
 PSYoungGen      total 268800K, used 238048K [0x00000000d5580000, 0x00000000e7c80000, 0x0000000100000000)
  eden space 235520K, 100% used [0x00000000d5580000,0x00000000e3b80000,0x00000000e3b80000)
  from space 33280K, 7% used [0x00000000e3b80000,0x00000000e3df8000,0x00000000e5c00000)
  to   space 31744K, 0% used [0x00000000e5d80000,0x00000000e5d80000,0x00000000e7c80000)
 ParOldGen       total 178688K, used 72545K [0x0000000080000000, 0x000000008ae80000, 0x00000000d5580000)
  object space 178688K, 40% used [0x0000000080000000,0x00000000846d8480,0x000000008ae80000)
 Metaspace       used 92154K, capacity 96840K, committed 98560K, reserved 1134592K
  class space    used 12302K, capacity 13147K, committed 13568K, reserved 1048576K
Event: 6844.985 GC heap after
Heap after GC invocations=40 (full 4):
 PSYoungGen      total 267264K, used 4507K [0x00000000d5580000, 0x00000000e7c80000, 0x0000000100000000)
  eden space 235520K, 0% used [0x00000000d5580000,0x00000000d5580000,0x00000000e3b80000)
  from space 31744K, 14% used [0x00000000e5d80000,0x00000000e61e6cd0,0x00000000e7c80000)
  to   space 33280K, 0% used [0x00000000e3b80000,0x00000000e3b80000,0x00000000e5c00000)
 ParOldGen       total 178688K, used 74825K [0x0000000080000000, 0x000000008ae80000, 0x00000000d5580000)
  object space 178688K, 41% used [0x0000000080000000,0x0000000084912490,0x000000008ae80000)
 Metaspace       used 92154K, capacity 96840K, committed 98560K, reserved 1134592K
  class space    used 12302K, capacity 13147K, committed 13568K, reserved 1048576K
}

