# JRE version: Java(TM) SE Runtime Environment (8.0_191-b12) (build 1.8.0_191-b12)
# Java VM: Java HotSpot(TM) 64-Bit Server VM (25.191-b12 mixed mode windows-amd64 compressed oops)
Heap:
 PSYoungGen      total 252416K, used 111265K [0x00000000d5580000, 0x00000000e9900000, 0x0000000100000000)
  eden space 229888K, 38% used [0x00000000d5580000,0x00000000dac2d770,0x00000000e3600000)
  from space 22528K, 99% used [0x00000000e3600000,0x00000000e4bfb040,0x00000000e4c00000)
  to   space 27648K, 0% used [0x00000000e7e00000,0x00000000e7e00000,0x00000000e9900000)
 ParOldGen       total 236544K, used 38662K [0x0000000080000000, 0x000000008e700000, 0x00000000d5580000)
  object space 236544K, 16% used [0x0000000080000000,0x00000000825c18c8,0x000000008e700000)
 Metaspace       used 69457K, capacity 73050K, committed 73216K, reserved 1112064K
  class space    used 9817K, capacity 10478K, committed 10496K, reserved 1048576K
GC Heap History (10 events):
Event: 4.117 GC heap before
{Heap before GC invocations=8 (full 2):
 PSYoungGen      total 173056K, used 6985K [0x00000000d5580000, 0x00000000e5080000, 0x0000000100000000)
  eden space 159232K, 0% used [0x00000000d5580000,0x00000000d5580000,0x00000000df100000)
  from space 13824K, 50% used [0x00000000dfe00000,0x00000000e04d25d0,0x00000000e0b80000)
  to   space 13312K, 0% used [0x00000000df100000,0x00000000df100000,0x00000000dfe00000)
 ParOldGen       total 109568K, used 11619K [0x0000000080000000, 0x0000000086b00000, 0x00000000d5580000)
  object space 109568K, 10% used [0x0000000080000000,0x0000000080b58ea0,0x0000000086b00000)
 Metaspace       used 34611K, capacity 35472K, committed 35496K, reserved 1079296K
  class space    used 4868K, capacity 5101K, committed 5120K, reserved 1048576K
Event: 4.191 GC heap after
Heap after GC invocations=8 (full 2):
 PSYoungGen      total 173056K, used 0K [0x00000000d5580000, 0x00000000e5080000, 0x0000000100000000)
  eden space 159232K, 0% used [0x00000000d5580000,0x00000000d5580000,0x00000000df100000)
  from space 13824K, 0% used [0x00000000dfe00000,0x00000000dfe00000,0x00000000e0b80000)
  to   space 13312K, 0% used [0x00000000df100000,0x00000000df100000,0x00000000dfe00000)
 ParOldGen       total 158720K, used 13578K [0x0000000080000000, 0x0000000089b00000, 0x00000000d5580000)
  object space 158720K, 8% used [0x0000000080000000,0x0000000080d42a80,0x0000000089b00000)
 Metaspace       used 34611K, capacity 35472K, committed 35496K, reserved 1079296K
  class space    used 4868K, capacity 5101K, committed 5120K, reserved 1048576K
}
Event: 5.736 GC heap before
{Heap before GC invocations=9 (full 2):
 PSYoungGen      total 173056K, used 159232K [0x00000000d5580000, 0x00000000e5080000, 0x0000000100000000)
  eden space 159232K, 100% used [0x00000000d5580000,0x00000000df100000,0x00000000df100000)
  from space 13824K, 0% used [0x00000000dfe00000,0x00000000dfe00000,0x00000000e0b80000)
  to   space 13312K, 0% used [0x00000000df100000,0x00000000df100000,0x00000000dfe00000)
 ParOldGen       total 158720K, used 13578K [0x0000000080000000, 0x0000000089b00000, 0x00000000d5580000)
  object space 158720K, 8% used [0x0000000080000000,0x0000000080d42a80,0x0000000089b00000)
 Metaspace       used 49193K, capacity 50772K, committed 50944K, reserved 1093632K
  class space    used 6748K, capacity 7108K, committed 7168K, reserved 1048576K
Event: 5.753 GC heap after
Heap after GC invocations=9 (full 2):
 PSYoungGen      total 172544K, used 13294K [0x00000000d5580000, 0x00000000e5e00000, 0x0000000100000000)
  eden space 159232K, 0% used [0x00000000d5580000,0x00000000d5580000,0x00000000df100000)
  from space 13312K, 99% used [0x00000000df100000,0x00000000dfdfba68,0x00000000dfe00000)
  to   space 18432K, 0% used [0x00000000e4c00000,0x00000000e4c00000,0x00000000e5e00000)
 ParOldGen       total 158720K, used 20176K [0x0000000080000000, 0x0000000089b00000, 0x00000000d5580000)
  object space 158720K, 12% used [0x0000000080000000,0x00000000813b4130,0x0000000089b00000)
 Metaspace       used 49193K, capacity 50772K, committed 50944K, reserved 1093632K
  class space    used 6748K, capacity 7108K, committed 7168K, reserved 1048576K
}
Event: 6.765 GC heap before
{Heap before GC invocations=10 (full 2):
 PSYoungGen      total 172544K, used 119259K [0x00000000d5580000, 0x00000000e5e00000, 0x0000000100000000)
  eden space 159232K, 66% used [0x00000000d5580000,0x00000000dbcfb1c0,0x00000000df100000)
  from space 13312K, 99% used [0x00000000df100000,0x00000000dfdfba68,0x00000000dfe00000)
  to   space 18432K, 0% used [0x00000000e4c00000,0x00000000e4c00000,0x00000000e5e00000)
 ParOldGen       total 158720K, used 20176K [0x0000000080000000, 0x0000000089b00000, 0x00000000d5580000)
  object space 158720K, 12% used [0x0000000080000000,0x00000000813b4130,0x0000000089b00000)
 Metaspace       used 57051K, capacity 59110K, committed 59136K, reserved 1099776K
  class space    used 8014K, capacity 8440K, committed 8448K, reserved 1048576K
Event: 6.785 GC heap after
Heap after GC invocations=10 (full 2):
 PSYoungGen      total 248320K, used 18431K [0x00000000d5580000, 0x00000000e6300000, 0x0000000100000000)
  eden space 229888K, 0% used [0x00000000d5580000,0x00000000d5580000,0x00000000e3600000)
  from space 18432K, 99% used [0x00000000e4c00000,0x00000000e5dffd40,0x00000000e5e00000)
  to   space 22528K, 0% used [0x00000000e3600000,0x00000000e3600000,0x00000000e4c00000)
 ParOldGen       total 158720K, used 23418K [0x0000000080000000, 0x0000000089b00000, 0x00000000d5580000)
  object space 158720K, 14% used [0x0000000080000000,0x00000000816debe8,0x0000000089b00000)
 Metaspace       used 57051K, capacity 59110K, committed 59136K, reserved 1099776K
  class space    used 8014K, capacity 8440K, committed 8448K, reserved 1048576K
}
Event: 6.785 GC heap before
{Heap before GC invocations=11 (full 3):
 PSYoungGen      total 248320K, used 18431K [0x00000000d5580000, 0x00000000e6300000, 0x0000000100000000)
  eden space 229888K, 0% used [0x00000000d5580000,0x00000000d5580000,0x00000000e3600000)
  from space 18432K, 99% used [0x00000000e4c00000,0x00000000e5dffd40,0x00000000e5e00000)
  to   space 22528K, 0% used [0x00000000e3600000,0x00000000e3600000,0x00000000e4c00000)
 ParOldGen       total 158720K, used 23418K [0x0000000080000000, 0x0000000089b00000, 0x00000000d5580000)
  object space 158720K, 14% used [0x0000000080000000,0x00000000816debe8,0x0000000089b00000)
 Metaspace       used 57051K, capacity 59110K, committed 59136K, reserved 1099776K
  class space    used 8014K, capacity 8440K, committed 8448K, reserved 1048576K
Event: 6.967 GC heap after
Heap after GC invocations=11 (full 3):
 PSYoungGen      total 248320K, used 0K [0x00000000d5580000, 0x00000000e6300000, 0x0000000100000000)
  eden space 229888K, 0% used [0x00000000d5580000,0x00000000d5580000,0x00000000e3600000)
  from space 18432K, 0% used [0x00000000e4c00000,0x00000000e4c00000,0x00000000e5e00000)
  to   space 22528K, 0% used [0x00000000e3600000,0x00000000e3600000,0x00000000e4c00000)
 ParOldGen       total 236544K, used 33566K [0x0000000080000000, 0x000000008e700000, 0x00000000d5580000)
  object space 236544K, 14% used [0x0000000080000000,0x00000000820c79f0,0x000000008e700000)
 Metaspace       used 57022K, capacity 59014K, committed 59136K, reserved 1099776K
  class space    used 8005K, capacity 8424K, committed 8448K, reserved 1048576K
}
Event: 10.087 GC heap before
{Heap before GC invocations=12 (full 3):
 PSYoungGen      total 248320K, used 229888K [0x00000000d5580000, 0x00000000e6300000, 0x0000000100000000)
  eden space 229888K, 100% used [0x00000000d5580000,0x00000000e3600000,0x00000000e3600000)
  from space 18432K, 0% used [0x00000000e4c00000,0x00000000e4c00000,0x00000000e5e00000)
  to   space 22528K, 0% used [0x00000000e3600000,0x00000000e3600000,0x00000000e4c00000)
 ParOldGen       total 236544K, used 33566K [0x0000000080000000, 0x000000008e700000, 0x00000000d5580000)
  object space 236544K, 14% used [0x0000000080000000,0x00000000820c79f0,0x000000008e700000)
 Metaspace       used 67969K, capacity 71420K, committed 71552K, reserved 1110016K
  class space    used 9683K, capacity 10329K, committed 10368K, reserved 1048576K
Event: 10.117 GC heap after
Heap after GC invocations=12 (full 3):
 PSYoungGen      total 252416K, used 22508K [0x00000000d5580000, 0x00000000e9900000, 0x0000000100000000)
  eden space 229888K, 0% used [0x00000000d5580000,0x00000000d5580000,0x00000000e3600000)
  from space 22528K, 99% used [0x00000000e3600000,0x00000000e4bfb040,0x00000000e4c00000)
  to   space 27648K, 0% used [0x00000000e7e00000,0x00000000e7e00000,0x00000000e9900000)
 ParOldGen       total 236544K, used 38662K [0x0000000080000000, 0x000000008e700000, 0x00000000d5580000)
  object space 236544K, 16% used [0x0000000080000000,0x00000000825c18c8,0x000000008e700000)
 Metaspace       used 67969K, capacity 71420K, committed 71552K, reserved 1110016K
  class space    used 9683K, capacity 10329K, committed 10368K, reserved 1048576K
}

